15:20:26.551 [TestNG-test=qaClickAcademy-3] INFO  framework.Base - driver is initialised
15:20:26.551 [TestNG-test=qaClickAcademy-1] INFO  framework.Base - driver is initialised
15:20:26.660 [TestNG-test=qaClickAcademy-2] INFO  framework.Base - driver is initialised
15:20:36.472 [TestNG-test=qaClickAcademy-1] INFO  framework.Base - navigated to the https://www.qaclickacademy.com/
15:20:36.755 [TestNG-test=qaClickAcademy-2] INFO  framework.Base - navigated to the https://www.qaclickacademy.com/
15:20:36.797 [TestNG-test=qaClickAcademy-2] INFO  framework.Base - Assertion done for navigation bar
15:20:36.987 [TestNG-test=qaClickAcademy-2] INFO  framework.Base - browser closed
15:20:37.998 [TestNG-test=qaClickAcademy-1] INFO  framework.Base - clicked to log in
15:20:38.087 [TestNG-test=qaClickAcademy-3] INFO  framework.Base - navigated to the https://www.qaclickacademy.com/
15:20:38.108 [TestNG-test=qaClickAcademy-1] INFO  framework.Base - sent restrictedUser@gmail.com email text
15:20:38.121 [TestNG-test=qaClickAcademy-3] INFO  framework.Base - got title as FEATURED COURSES
15:20:38.179 [TestNG-test=qaClickAcademy-1] INFO  framework.Base - sent thisIsPassword password text
15:20:38.391 [TestNG-test=qaClickAcademy-1] INFO  framework.Base - clicked on the login button
15:20:38.836 [TestNG-test=qaClickAcademy-1] INFO  framework.Base - browser closed
15:20:39.180 [TestNG-test=qaClickAcademy-3] INFO  framework.Base - browser closed
15:20:40.001 [TestNG-test=qaClickAcademy-1] INFO  framework.Base - driver is initialised
15:20:44.544 [TestNG-test=qaClickAcademy-1] INFO  framework.Base - navigated to the https://www.qaclickacademy.com/
15:20:45.623 [TestNG-test=qaClickAcademy-1] INFO  framework.Base - clicked to log in
15:20:45.851 [TestNG-test=qaClickAcademy-1] INFO  framework.Base - sent unRestrictedUser@gmail.com email text
15:20:45.908 [TestNG-test=qaClickAcademy-1] INFO  framework.Base - sent thisIsPassword password text
15:20:46.135 [TestNG-test=qaClickAcademy-1] INFO  framework.Base - clicked on the login button
15:20:46.589 [TestNG-test=qaClickAcademy-1] INFO  framework.Base - browser closed
15:37:08.811 [TestNG-test=qaClickAcademy-2] INFO  framework.Base - driver is initialised
15:37:08.811 [TestNG-test=qaClickAcademy-1] INFO  framework.Base - driver is initialised
15:37:08.811 [TestNG-test=qaClickAcademy-3] INFO  framework.Base - driver is initialised
15:37:19.508 [TestNG-test=qaClickAcademy-1] INFO  framework.Base - navigated to the https://www.qaclickacademy.com/
15:37:22.524 [TestNG-test=qaClickAcademy-1] INFO  framework.Base - clicked to log in
15:37:22.624 [TestNG-test=qaClickAcademy-1] INFO  framework.Base - sent restrictedUser@gmail.com email text
15:37:22.674 [TestNG-test=qaClickAcademy-1] INFO  framework.Base - sent thisIsPassword password text
15:37:22.852 [TestNG-test=qaClickAcademy-1] INFO  framework.Base - clicked on the login button
15:37:23.242 [TestNG-test=qaClickAcademy-1] INFO  framework.Base - browser closed
15:37:23.390 [TestNG-test=qaClickAcademy-2] INFO  framework.Base - navigated to the https://www.qaclickacademy.com/
15:37:23.432 [TestNG-test=qaClickAcademy-2] INFO  framework.Base - Assertion done for navigation bar
15:37:23.494 [TestNG-test=qaClickAcademy-2] INFO  framework.Base - browser closed
15:37:23.891 [TestNG-test=qaClickAcademy-1] INFO  framework.Base - driver is initialised
15:37:28.482 [TestNG-test=qaClickAcademy-3] INFO  framework.Base - navigated to the https://www.qaclickacademy.com/
15:37:28.507 [TestNG-test=qaClickAcademy-3] INFO  framework.Base - got title as FEATURED COURSES
15:37:28.963 [TestNG-test=qaClickAcademy-1] INFO  framework.Base - navigated to the https://www.qaclickacademy.com/
15:37:28.982 [TestNG-test=qaClickAcademy-3] INFO  framework.Base - browser closed
15:37:29.852 [TestNG-test=qaClickAcademy-1] INFO  framework.Base - clicked to log in
15:37:29.950 [TestNG-test=qaClickAcademy-1] INFO  framework.Base - sent unRestrictedUser@gmail.com email text
15:37:29.999 [TestNG-test=qaClickAcademy-1] INFO  framework.Base - sent thisIsPassword password text
15:37:30.177 [TestNG-test=qaClickAcademy-1] INFO  framework.Base - clicked on the login button
15:37:30.479 [TestNG-test=qaClickAcademy-1] INFO  framework.Base - browser closed
15:57:57.018 [TestNG-tests-3] INFO  framework.Base - driver is initialised
15:57:57.018 [TestNG-tests-2] INFO  framework.Base - driver is initialised
15:57:57.018 [TestNG-tests-1] INFO  framework.Base - driver is initialised
15:58:02.862 [TestNG-tests-1] INFO  framework.Base - navigated to the https://www.qaclickacademy.com/
15:58:02.934 [TestNG-tests-3] INFO  framework.Base - navigated to the https://www.qaclickacademy.com/
15:58:02.971 [TestNG-tests-3] INFO  framework.Base - got title as FEATURED COURSES
15:58:04.011 [TestNG-tests-3] INFO  framework.Base - browser closed
15:58:04.380 [TestNG-tests-2] INFO  framework.Base - navigated to the https://www.qaclickacademy.com/
15:58:04.413 [TestNG-tests-1] INFO  framework.Base - clicked to log in
